[2023-04-06 15:31:41 INFO]: install::setup-logging ended
================
[2023-04-06 15:31:41 INFO]: install::start-up started
[2023-04-06 15:31:41 INFO]: install::start-up starting services
[2023-04-06 15:35:15 INFO]: install::root-check started
[2023-04-06 15:35:15 INFO]: install::root-check ended
================
[2023-04-06 15:35:15 INFO]: install::docker-check started
[2023-04-06 15:35:15 INFO]: install::docker-check ended
================
[2023-04-06 15:35:15 INFO]: install::docker-compose-check started
[2023-04-06 15:35:15 INFO]: install::docker-compose-check ended
================
[2023-04-06 15:35:15 INFO]: install::tear-down started
[2023-04-06 15:35:15 INFO]: install::tear-down starting services
[2023-04-06 15:35:15 INFO]: install::tear-down ended
================
[2023-04-06 15:35:46 INFO]: install::root-check started
[2023-04-06 15:35:46 INFO]: install::root-check ended
================
[2023-04-06 15:35:46 INFO]: install::docker-check started
[2023-04-06 15:35:46 INFO]: install::docker-check ended
================
[2023-04-06 15:35:46 INFO]: install::docker-compose-check started
[2023-04-06 15:35:46 INFO]: install::docker-compose-check ended
================
[2023-04-06 15:35:46 INFO]: install::tear-down started
[2023-04-06 15:35:46 INFO]: install::tear-down starting services
[2023-04-06 15:35:46 INFO]: install::tear-down ended
================
